This is pdfTeX, Version 3.141592653-2.6-1.40.24 (TeX Live 2022) (preloaded format=pdflatex 2022.7.27)  27 JUL 2022 21:18
entering extended mode
 restricted \write18 enabled.
 %&-line parsing enabled.
**Analysis_Researchers_RMarkdown.tex
(./Analysis_Researchers_RMarkdown.tex
LaTeX2e <2022-06-01> patch level 5
L3 programming layer <2022-07-15> (/Users/jianzhou/Library/TinyTeX/texmf-dist/tex/latex/base/article.cls
Document Class: article 2021/10/04 v1.4n Standard LaTeX document class
(/Users/jianzhou/Library/TinyTeX/texmf-dist/tex/latex/base/size10.clo
File: size10.clo 2021/10/04 v1.4n Standard LaTeX file (size option)
)
\c@part=\count185
\c@section=\count186
\c@subsection=\count187
\c@subsubsection=\count188
\c@paragraph=\count189
\c@subparagraph=\count190
\c@figure=\count191
\c@table=\count192
\abovecaptionskip=\skip47
\belowcaptionskip=\skip48
\bibindent=\dimen138
) (/Users/jianzhou/Library/TinyTeX/texmf-dist/tex/latex/amsmath/amsmath.sty
Package: amsmath 2022/04/08 v2.17n AMS math features
\@mathmargin=\skip49
For additional information on amsmath, use the `?' option.
(/Users/jianzhou/Library/TinyTeX/texmf-dist/tex/latex/amsmath/amstext.sty
Package: amstext 2021/08/26 v2.01 AMS text
(/Users/jianzhou/Library/TinyTeX/texmf-dist/tex/latex/amsmath/amsgen.sty
File: amsgen.sty 1999/11/30 v2.0 generic functions
\@emptytoks=\toks16
\ex@=\dimen139
)) (/Users/jianzhou/Library/TinyTeX/texmf-dist/tex/latex/amsmath/amsbsy.sty
Package: amsbsy 1999/11/29 v1.2d Bold Symbols
\pmbraise@=\dimen140
) (/Users/jianzhou/Library/TinyTeX/texmf-dist/tex/latex/amsmath/amsopn.sty
Package: amsopn 2022/04/08 v2.04 operator names
)
\inf@bad=\count193
LaTeX Info: Redefining \frac on input line 234.
\uproot@=\count194
\leftroot@=\count195
LaTeX Info: Redefining \overline on input line 399.
LaTeX Info: Redefining \colon on input line 410.
\classnum@=\count196
\DOTSCASE@=\count197
LaTeX Info: Redefining \ldots on input line 496.
LaTeX Info: Redefining \dots on input line 499.
LaTeX Info: Redefining \cdots on input line 620.
\Mathstrutbox@=\box51
\strutbox@=\box52
LaTeX Info: Redefining \big on input line 722.
LaTeX Info: Redefining \Big on input line 723.
LaTeX Info: Redefining \bigg on input line 724.
LaTeX Info: Redefining \Bigg on input line 725.
\big@size=\dimen141
LaTeX Font Info:    Redeclaring font encoding OML on input line 743.
LaTeX Font Info:    Redeclaring font encoding OMS on input line 744.
\macc@depth=\count198
LaTeX Info: Redefining \bmod on input line 905.
LaTeX Info: Redefining \pmod on input line 910.
LaTeX Info: Redefining \smash on input line 940.
LaTeX Info: Redefining \relbar on input line 970.
LaTeX Info: Redefining \Relbar on input line 971.
\c@MaxMatrixCols=\count199
\dotsspace@=\muskip16
\c@parentequation=\count266
\dspbrk@lvl=\count267
\tag@help=\toks17
\row@=\count268
\column@=\count269
\maxfields@=\count270
\andhelp@=\toks18
\eqnshift@=\dimen142
\alignsep@=\dimen143
\tagshift@=\dimen144
\tagwidth@=\dimen145
\totwidth@=\dimen146
\lineht@=\dimen147
\@envbody=\toks19
\multlinegap=\skip50
\multlinetaggap=\skip51
\mathdisplay@stack=\toks20
LaTeX Info: Redefining \[ on input line 2953.
LaTeX Info: Redefining \] on input line 2954.
) (/Users/jianzhou/Library/TinyTeX/texmf-dist/tex/latex/amsfonts/amssymb.sty
Package: amssymb 2013/01/14 v3.01 AMS font symbols
(/Users/jianzhou/Library/TinyTeX/texmf-dist/tex/latex/amsfonts/amsfonts.sty
Package: amsfonts 2013/01/14 v3.01 Basic AMSFonts support
\symAMSa=\mathgroup4
\symAMSb=\mathgroup5
LaTeX Font Info:    Redeclaring math symbol \hbar on input line 98.
LaTeX Font Info:    Overwriting math alphabet `\mathfrak' in version `bold'
(Font)                  U/euf/m/n --> U/euf/b/n on input line 106.
)) (/Users/jianzhou/Library/TinyTeX/texmf-dist/tex/latex/lm/lmodern.sty
Package: lmodern 2015/05/01 v1.6.1 Latin Modern Fonts
LaTeX Font Info:    Overwriting symbol font `operators' in version `normal'
(Font)                  OT1/cmr/m/n --> OT1/lmr/m/n on input line 22.
LaTeX Font Info:    Overwriting symbol font `letters' in version `normal'
(Font)                  OML/cmm/m/it --> OML/lmm/m/it on input line 23.
LaTeX Font Info:    Overwriting symbol font `symbols' in version `normal'
(Font)                  OMS/cmsy/m/n --> OMS/lmsy/m/n on input line 24.
LaTeX Font Info:    Overwriting symbol font `largesymbols' in version `normal'
(Font)                  OMX/cmex/m/n --> OMX/lmex/m/n on input line 25.
LaTeX Font Info:    Overwriting symbol font `operators' in version `bold'
(Font)                  OT1/cmr/bx/n --> OT1/lmr/bx/n on input line 26.
LaTeX Font Info:    Overwriting symbol font `letters' in version `bold'
(Font)                  OML/cmm/b/it --> OML/lmm/b/it on input line 27.
LaTeX Font Info:    Overwriting symbol font `symbols' in version `bold'
(Font)                  OMS/cmsy/b/n --> OMS/lmsy/b/n on input line 28.
LaTeX Font Info:    Overwriting symbol font `largesymbols' in version `bold'
(Font)                  OMX/cmex/m/n --> OMX/lmex/m/n on input line 29.
LaTeX Font Info:    Overwriting math alphabet `\mathbf' in version `normal'
(Font)                  OT1/cmr/bx/n --> OT1/lmr/bx/n on input line 31.
LaTeX Font Info:    Overwriting math alphabet `\mathsf' in version `normal'
(Font)                  OT1/cmss/m/n --> OT1/lmss/m/n on input line 32.
LaTeX Font Info:    Overwriting math alphabet `\mathit' in version `normal'
(Font)                  OT1/cmr/m/it --> OT1/lmr/m/it on input line 33.
LaTeX Font Info:    Overwriting math alphabet `\mathtt' in version `normal'
(Font)                  OT1/cmtt/m/n --> OT1/lmtt/m/n on input line 34.
LaTeX Font Info:    Overwriting math alphabet `\mathbf' in version `bold'
(Font)                  OT1/cmr/bx/n --> OT1/lmr/bx/n on input line 35.
LaTeX Font Info:    Overwriting math alphabet `\mathsf' in version `bold'
(Font)                  OT1/cmss/bx/n --> OT1/lmss/bx/n on input line 36.
LaTeX Font Info:    Overwriting math alphabet `\mathit' in version `bold'
(Font)                  OT1/cmr/bx/it --> OT1/lmr/bx/it on input line 37.
LaTeX Font Info:    Overwriting math alphabet `\mathtt' in version `bold'
(Font)                  OT1/cmtt/m/n --> OT1/lmtt/m/n on input line 38.
) (/Users/jianzhou/Library/TinyTeX/texmf-dist/tex/generic/iftex/iftex.sty
Package: iftex 2022/02/03 v1.0f TeX engine tests
) (/Users/jianzhou/Library/TinyTeX/texmf-dist/tex/latex/base/fontenc.sty
Package: fontenc 2021/04/29 v2.0v Standard LaTeX package
LaTeX Font Info:    Trying to load font information for T1+lmr on input line 112.
(/Users/jianzhou/Library/TinyTeX/texmf-dist/tex/latex/lm/t1lmr.fd
File: t1lmr.fd 2015/05/01 v1.6.1 Font defs for Latin Modern
)) (/Users/jianzhou/Library/TinyTeX/texmf-dist/tex/latex/base/inputenc.sty
Package: inputenc 2021/02/14 v1.3d Input encoding file
\inpenc@prehook=\toks21
\inpenc@posthook=\toks22
) (/Users/jianzhou/Library/TinyTeX/texmf-dist/tex/latex/base/textcomp.sty
Package: textcomp 2020/02/02 v2.0n Standard LaTeX package
) (/Users/jianzhou/Library/TinyTeX/texmf-dist/tex/latex/xcolor/xcolor.sty
Package: xcolor 2022/06/12 v2.14 LaTeX color extensions (UK)
(/Users/jianzhou/Library/TinyTeX/texmf-dist/tex/latex/graphics-cfg/color.cfg
File: color.cfg 2016/01/02 v1.6 sample color configuration
)
Package xcolor Info: Driver file: pdftex.def on input line 227.
(/Users/jianzhou/Library/TinyTeX/texmf-dist/tex/latex/graphics-def/pdftex.def
File: pdftex.def 2020/10/05 v1.2a Graphics/color driver for pdftex
) (/Users/jianzhou/Library/TinyTeX/texmf-dist/tex/latex/graphics/mathcolor.ltx)
Package xcolor Info: Model `cmy' substituted by `cmy0' on input line 1353.
Package xcolor Info: Model `hsb' substituted by `rgb' on input line 1357.
Package xcolor Info: Model `RGB' extended on input line 1369.
Package xcolor Info: Model `HTML' substituted by `rgb' on input line 1371.
Package xcolor Info: Model `Hsb' substituted by `hsb' on input line 1372.
Package xcolor Info: Model `tHsb' substituted by `hsb' on input line 1373.
Package xcolor Info: Model `HSB' substituted by `hsb' on input line 1374.
Package xcolor Info: Model `Gray' substituted by `gray' on input line 1375.
Package xcolor Info: Model `wave' substituted by `hsb' on input line 1376.
) (/Users/jianzhou/Library/TinyTeX/texmf-dist/tex/latex/hyperref/hyperref.sty
Package: hyperref 2022-06-20 v7.00s Hypertext links for LaTeX
(/Users/jianzhou/Library/TinyTeX/texmf-dist/tex/generic/ltxcmds/ltxcmds.sty
Package: ltxcmds 2020-05-10 v1.25 LaTeX kernel commands for general use (HO)
) (/Users/jianzhou/Library/TinyTeX/texmf-dist/tex/generic/pdftexcmds/pdftexcmds.sty
Package: pdftexcmds 2020-06-27 v0.33 Utility functions of pdfTeX for LuaTeX (HO)
(/Users/jianzhou/Library/TinyTeX/texmf-dist/tex/generic/infwarerr/infwarerr.sty
Package: infwarerr 2019/12/03 v1.5 Providing info/warning/error messages (HO)
)
Package pdftexcmds Info: \pdf@primitive is available.
Package pdftexcmds Info: \pdf@ifprimitive is available.
Package pdftexcmds Info: \pdfdraftmode found.
) (/Users/jianzhou/Library/TinyTeX/texmf-dist/tex/latex/graphics/keyval.sty
Package: keyval 2022/05/29 v1.15 key=value parser (DPC)
\KV@toks@=\toks23
) (/Users/jianzhou/Library/TinyTeX/texmf-dist/tex/generic/kvsetkeys/kvsetkeys.sty
Package: kvsetkeys 2019/12/15 v1.18 Key value parser (HO)
) (/Users/jianzhou/Library/TinyTeX/texmf-dist/tex/generic/kvdefinekeys/kvdefinekeys.sty
Package: kvdefinekeys 2019-12-19 v1.6 Define keys (HO)
) (/Users/jianzhou/Library/TinyTeX/texmf-dist/tex/generic/pdfescape/pdfescape.sty
Package: pdfescape 2019/12/09 v1.15 Implements pdfTeX's escape features (HO)
) (/Users/jianzhou/Library/TinyTeX/texmf-dist/tex/latex/hycolor/hycolor.sty
Package: hycolor 2020-01-27 v1.10 Color options for hyperref/bookmark (HO)
) (/Users/jianzhou/Library/TinyTeX/texmf-dist/tex/latex/letltxmacro/letltxmacro.sty
Package: letltxmacro 2019/12/03 v1.6 Let assignment for LaTeX macros (HO)
) (/Users/jianzhou/Library/TinyTeX/texmf-dist/tex/latex/auxhook/auxhook.sty
Package: auxhook 2019-12-17 v1.6 Hooks for auxiliary files (HO)
) (/Users/jianzhou/Library/TinyTeX/texmf-dist/tex/latex/hyperref/nameref.sty
Package: nameref 2022-05-17 v2.50 Cross-referencing by name of section
(/Users/jianzhou/Library/TinyTeX/texmf-dist/tex/latex/refcount/refcount.sty
Package: refcount 2019/12/15 v3.6 Data extraction from label references (HO)
) (/Users/jianzhou/Library/TinyTeX/texmf-dist/tex/generic/gettitlestring/gettitlestring.sty
Package: gettitlestring 2019/12/15 v1.6 Cleanup title references (HO)
(/Users/jianzhou/Library/TinyTeX/texmf-dist/tex/latex/kvoptions/kvoptions.sty
Package: kvoptions 2022-06-15 v3.15 Key value format for package options (HO)
))
\c@section@level=\count271
)
\@linkdim=\dimen148
\Hy@linkcounter=\count272
\Hy@pagecounter=\count273
(/Users/jianzhou/Library/TinyTeX/texmf-dist/tex/latex/hyperref/pd1enc.def
File: pd1enc.def 2022-06-20 v7.00s Hyperref: PDFDocEncoding definition (HO)
Now handling font encoding PD1 ...
... no UTF-8 mapping file for font encoding PD1
) (/Users/jianzhou/Library/TinyTeX/texmf-dist/tex/generic/intcalc/intcalc.sty
Package: intcalc 2019/12/15 v1.3 Expandable calculations with integers (HO)
) (/Users/jianzhou/Library/TinyTeX/texmf-dist/tex/generic/etexcmds/etexcmds.sty
Package: etexcmds 2019/12/15 v1.7 Avoid name clashes with e-TeX commands (HO)
)
\Hy@SavedSpaceFactor=\count274
(/Users/jianzhou/Library/TinyTeX/texmf-dist/tex/latex/hyperref/puenc.def
File: puenc.def 2022-06-20 v7.00s Hyperref: PDF Unicode definition (HO)
Now handling font encoding PU ...
... no UTF-8 mapping file for font encoding PU
)
Package hyperref Info: Option `unicode' set `true' on input line 4045.
Package hyperref Info: Hyper figures OFF on input line 4162.
Package hyperref Info: Link nesting OFF on input line 4167.
Package hyperref Info: Hyper index ON on input line 4170.
Package hyperref Info: Plain pages OFF on input line 4177.
Package hyperref Info: Backreferencing OFF on input line 4182.
Package hyperref Info: Implicit mode ON; LaTeX internals redefined.
Package hyperref Info: Bookmarks ON on input line 4408.
\c@Hy@tempcnt=\count275
(/Users/jianzhou/Library/TinyTeX/texmf-dist/tex/latex/url/url.sty
\Urlmuskip=\muskip17
Package: url 2013/09/16  ver 3.4  Verb mode for urls, etc.
)
LaTeX Info: Redefining \url on input line 4746.
\XeTeXLinkMargin=\dimen149
(/Users/jianzhou/Library/TinyTeX/texmf-dist/tex/generic/bitset/bitset.sty
Package: bitset 2019/12/09 v1.3 Handle bit-vector datatype (HO)
(/Users/jianzhou/Library/TinyTeX/texmf-dist/tex/generic/bigintcalc/bigintcalc.sty
Package: bigintcalc 2019/12/15 v1.5 Expandable calculations on big integers (HO)
))
\Fld@menulength=\count276
\Field@Width=\dimen150
\Fld@charsize=\dimen151
Package hyperref Info: Hyper figures OFF on input line 6024.
Package hyperref Info: Link nesting OFF on input line 6029.
Package hyperref Info: Hyper index ON on input line 6032.
Package hyperref Info: backreferencing OFF on input line 6039.
Package hyperref Info: Link coloring OFF on input line 6044.
Package hyperref Info: Link coloring with OCG OFF on input line 6049.
Package hyperref Info: PDF/A mode OFF on input line 6054.
(/Users/jianzhou/Library/TinyTeX/texmf-dist/tex/latex/base/atbegshi-ltx.sty
Package: atbegshi-ltx 2021/01/10 v1.0c Emulation of the original atbegshi
package with kernel methods
)
\Hy@abspage=\count277
\c@Item=\count278
\c@Hfootnote=\count279
)
Package hyperref Info: Driver (autodetected): hpdftex.
(/Users/jianzhou/Library/TinyTeX/texmf-dist/tex/latex/hyperref/hpdftex.def
File: hpdftex.def 2022-06-20 v7.00s Hyperref driver for pdfTeX
(/Users/jianzhou/Library/TinyTeX/texmf-dist/tex/latex/base/atveryend-ltx.sty
Package: atveryend-ltx 2020/08/19 v1.0a Emulation of the original atveryend package
with kernel methods
)
\Fld@listcount=\count280
\c@bookmark@seq@number=\count281
(/Users/jianzhou/Library/TinyTeX/texmf-dist/tex/latex/rerunfilecheck/rerunfilecheck.sty
Package: rerunfilecheck 2022-07-10 v1.10 Rerun checks for auxiliary files (HO)
(/Users/jianzhou/Library/TinyTeX/texmf-dist/tex/generic/uniquecounter/uniquecounter.sty
Package: uniquecounter 2019/12/15 v1.4 Provide unlimited unique counter (HO)
)
Package uniquecounter Info: New unique counter `rerunfilecheck' on input line 285.
)
\Hy@SectionHShift=\skip52
) (/Users/jianzhou/Library/TinyTeX/texmf-dist/tex/latex/geometry/geometry.sty
Package: geometry 2020/01/02 v5.9 Page Geometry
(/Users/jianzhou/Library/TinyTeX/texmf-dist/tex/generic/iftex/ifvtex.sty
Package: ifvtex 2019/10/25 v1.7 ifvtex legacy package. Use iftex instead.
)
\Gm@cnth=\count282
\Gm@cntv=\count283
\c@Gm@tempcnt=\count284
\Gm@bindingoffset=\dimen152
\Gm@wd@mp=\dimen153
\Gm@odd@mp=\dimen154
\Gm@even@mp=\dimen155
\Gm@layoutwidth=\dimen156
\Gm@layoutheight=\dimen157
\Gm@layouthoffset=\dimen158
\Gm@layoutvoffset=\dimen159
\Gm@dimlist=\toks24
) (/Users/jianzhou/Library/TinyTeX/texmf-dist/tex/latex/tools/longtable.sty
Package: longtable 2021-09-01 v4.17 Multi-page Table package (DPC)
\LTleft=\skip53
\LTright=\skip54
\LTpre=\skip55
\LTpost=\skip56
\LTchunksize=\count285
\LTcapwidth=\dimen160
\LT@head=\box53
\LT@firsthead=\box54
\LT@foot=\box55
\LT@lastfoot=\box56
\LT@gbox=\box57
\LT@cols=\count286
\LT@rows=\count287
\c@LT@tables=\count288
\c@LT@chunks=\count289
\LT@p@ftn=\toks25
) (/Users/jianzhou/Library/TinyTeX/texmf-dist/tex/latex/booktabs/booktabs.sty
Package: booktabs 2020/01/12 v1.61803398 Publication quality tables
\heavyrulewidth=\dimen161
\lightrulewidth=\dimen162
\cmidrulewidth=\dimen163
\belowrulesep=\dimen164
\belowbottomsep=\dimen165
\aboverulesep=\dimen166
\abovetopsep=\dimen167
\cmidrulesep=\dimen168
\cmidrulekern=\dimen169
\defaultaddspace=\dimen170
\@cmidla=\count290
\@cmidlb=\count291
\@aboverulesep=\dimen171
\@belowrulesep=\dimen172
\@thisruleclass=\count292
\@lastruleclass=\count293
\@thisrulewidth=\dimen173
) (/Users/jianzhou/Library/TinyTeX/texmf-dist/tex/latex/tools/array.sty
Package: array 2022/03/10 v2.5f Tabular extension package (FMi)
\col@sep=\dimen174
\ar@mcellbox=\box58
\extrarowheight=\dimen175
\NC@list=\toks26
\extratabsurround=\skip57
\backup@length=\skip58
\ar@cellbox=\box59
) (/Users/jianzhou/Library/TinyTeX/texmf-dist/tex/latex/tools/calc.sty
Package: calc 2017/05/25 v4.3 Infix arithmetic (KKT,FJ)
\calc@Acount=\count294
\calc@Bcount=\count295
\calc@Adimen=\dimen176
\calc@Bdimen=\dimen177
\calc@Askip=\skip59
\calc@Bskip=\skip60
LaTeX Info: Redefining \setlength on input line 80.
LaTeX Info: Redefining \addtolength on input line 81.
\calc@Ccount=\count296
\calc@Cskip=\skip61
) (/Users/jianzhou/Library/TinyTeX/texmf-dist/tex/latex/etoolbox/etoolbox.sty
Package: etoolbox 2020/10/05 v2.5k e-TeX tools for LaTeX (JAW)
\etb@tempcnta=\count297
) (/Users/jianzhou/Library/TinyTeX/texmf-dist/tex/latex/mdwtools/footnote.sty
Package: footnote 1997/01/28 1.13 Save footnotes around boxes
\fn@notes=\box60
\fn@width=\dimen178
) (/Users/jianzhou/Library/TinyTeX/texmf-dist/tex/latex/graphics/graphicx.sty
Package: graphicx 2021/09/16 v1.2d Enhanced LaTeX Graphics (DPC,SPQR)
(/Users/jianzhou/Library/TinyTeX/texmf-dist/tex/latex/graphics/graphics.sty
Package: graphics 2022/03/10 v1.4e Standard LaTeX Graphics (DPC,SPQR)
(/Users/jianzhou/Library/TinyTeX/texmf-dist/tex/latex/graphics/trig.sty
Package: trig 2021/08/11 v1.11 sin cos tan (DPC)
) (/Users/jianzhou/Library/TinyTeX/texmf-dist/tex/latex/graphics-cfg/graphics.cfg
File: graphics.cfg 2016/06/04 v1.11 sample graphics configuration
)
Package graphics Info: Driver file: pdftex.def on input line 107.
)
\Gin@req@height=\dimen179
\Gin@req@width=\dimen180
) (/Users/jianzhou/Library/TinyTeX/texmf-dist/tex/latex/float/float.sty
Package: float 2001/11/08 v1.3d Float enhancements (AL)
\c@float@type=\count298
\float@exts=\toks27
\float@box=\box61
\@float@everytoks=\toks28
\@floatcapt=\box62
) (/Users/jianzhou/Library/TinyTeX/texmf-dist/tex/latex/fancyhdr/fancyhdr.sty
Package: fancyhdr 2022/05/18 v4.0.3 Extensive control of page headers and footers
\f@nch@headwidth=\skip62
\f@nch@O@elh=\skip63
\f@nch@O@erh=\skip64
\f@nch@O@olh=\skip65
\f@nch@O@orh=\skip66
\f@nch@O@elf=\skip67
\f@nch@O@erf=\skip68
\f@nch@O@olf=\skip69
\f@nch@O@orf=\skip70
)

Package fancyhdr Warning: \fancyhead's `E' option without twoside option is useless on input line 71.


Package fancyhdr Warning: \fancyfoot's `E' option without twoside option is useless on input line 71.

(/Users/jianzhou/Library/TinyTeX/texmf-dist/tex/latex/l3backend/l3backend-pdftex.def
File: l3backend-pdftex.def 2022-07-01 L3 backend support: PDF output (pdfTeX)
\l__color_backend_stack_int=\count299
\l__pdf_internal_box=\box63
) (./Analysis_Researchers_RMarkdown.aux)
\openout1 = `Analysis_Researchers_RMarkdown.aux'.

LaTeX Font Info:    Checking defaults for OML/cmm/m/it on input line 83.
LaTeX Font Info:    ... okay on input line 83.
LaTeX Font Info:    Checking defaults for OMS/cmsy/m/n on input line 83.
LaTeX Font Info:    ... okay on input line 83.
LaTeX Font Info:    Checking defaults for OT1/cmr/m/n on input line 83.
LaTeX Font Info:    ... okay on input line 83.
LaTeX Font Info:    Checking defaults for T1/cmr/m/n on input line 83.
LaTeX Font Info:    ... okay on input line 83.
LaTeX Font Info:    Checking defaults for TS1/cmr/m/n on input line 83.
LaTeX Font Info:    ... okay on input line 83.
LaTeX Font Info:    Checking defaults for OMX/cmex/m/n on input line 83.
LaTeX Font Info:    ... okay on input line 83.
LaTeX Font Info:    Checking defaults for U/cmr/m/n on input line 83.
LaTeX Font Info:    ... okay on input line 83.
LaTeX Font Info:    Checking defaults for PD1/pdf/m/n on input line 83.
LaTeX Font Info:    ... okay on input line 83.
LaTeX Font Info:    Checking defaults for PU/pdf/m/n on input line 83.
LaTeX Font Info:    ... okay on input line 83.
(/Users/jianzhou/Library/TinyTeX/texmf-dist/tex/latex/epstopdf-pkg/epstopdf-base.sty
Package: epstopdf-base 2020-01-24 v2.11 Base part for package epstopdf
Package epstopdf-base Info: Redefining graphics rule for `.eps' on input line 485.
(/Users/jianzhou/Library/TinyTeX/texmf-dist/tex/latex/latexconfig/epstopdf-sys.cfg
File: epstopdf-sys.cfg 2010/07/13 v1.3 Configuration of (r)epstopdf for TeX Live
))
Package hyperref Info: Link coloring OFF on input line 83.
(./Analysis_Researchers_RMarkdown.out) (./Analysis_Researchers_RMarkdown.out)
\@outlinefile=\write3
\openout3 = `Analysis_Researchers_RMarkdown.out'.

*geometry* driver: auto-detecting
*geometry* detected driver: pdftex
*geometry* verbose mode - [ preamble ] result:
* driver: pdftex
* paper: <default>
* layout: <same size as paper>
* layoutoffset:(h,v)=(0.0pt,0.0pt)
* modes: 
* h-part:(L,W,R)=(72.26999pt, 469.75502pt, 72.26999pt)
* v-part:(T,H,B)=(72.26999pt, 650.43001pt, 72.26999pt)
* \paperwidth=614.295pt
* \paperheight=794.96999pt
* \textwidth=469.75502pt
* \textheight=650.43001pt
* \oddsidemargin=0.0pt
* \evensidemargin=0.0pt
* \topmargin=-37.0pt
* \headheight=12.0pt
* \headsep=25.0pt
* \topskip=10.0pt
* \footskip=30.0pt
* \marginparwidth=65.0pt
* \marginparsep=11.0pt
* \columnsep=10.0pt
* \skip\footins=9.0pt plus 4.0pt minus 2.0pt
* \hoffset=0.0pt
* \voffset=0.0pt
* \mag=1000
* \@twocolumnfalse
* \@twosidefalse
* \@mparswitchfalse
* \@reversemarginfalse
* (1in=72.27pt=25.4mm, 1cm=28.453pt)

<./atomic.h.taglogo.rgb@3x.png, id=56, 2168.1pt x 807.015pt>
File: ./atomic.h.taglogo.rgb@3x.png Graphic file (type png)
<use ./atomic.h.taglogo.rgb@3x.png>
Package pdftex.def Info: ./atomic.h.taglogo.rgb@3x.png  used on input line 85.
(pdftex.def)             Requested size: 433.61232pt x 161.40013pt.
LaTeX Font Info:    Trying to load font information for OT1+lmr on input line 85.
(/Users/jianzhou/Library/TinyTeX/texmf-dist/tex/latex/lm/ot1lmr.fd
File: ot1lmr.fd 2015/05/01 v1.6.1 Font defs for Latin Modern
)
LaTeX Font Info:    Trying to load font information for OML+lmm on input line 85.
(/Users/jianzhou/Library/TinyTeX/texmf-dist/tex/latex/lm/omllmm.fd
File: omllmm.fd 2015/05/01 v1.6.1 Font defs for Latin Modern
)
LaTeX Font Info:    Trying to load font information for OMS+lmsy on input line 85.
(/Users/jianzhou/Library/TinyTeX/texmf-dist/tex/latex/lm/omslmsy.fd
File: omslmsy.fd 2015/05/01 v1.6.1 Font defs for Latin Modern
)
LaTeX Font Info:    Trying to load font information for OMX+lmex on input line 85.
(/Users/jianzhou/Library/TinyTeX/texmf-dist/tex/latex/lm/omxlmex.fd
File: omxlmex.fd 2015/05/01 v1.6.1 Font defs for Latin Modern
)
LaTeX Font Info:    External font `lmex10' loaded for size
(Font)              <12> on input line 85.
LaTeX Font Info:    External font `lmex10' loaded for size
(Font)              <8> on input line 85.
LaTeX Font Info:    External font `lmex10' loaded for size
(Font)              <6> on input line 85.
LaTeX Font Info:    Trying to load font information for U+msa on input line 85.
(/Users/jianzhou/Library/TinyTeX/texmf-dist/tex/latex/amsfonts/umsa.fd
File: umsa.fd 2013/01/14 v3.01 AMS symbols A
)
LaTeX Font Info:    Trying to load font information for U+msb on input line 85.
(/Users/jianzhou/Library/TinyTeX/texmf-dist/tex/latex/amsfonts/umsb.fd
File: umsb.fd 2013/01/14 v3.01 AMS symbols B
) [1

{/Users/jianzhou/Library/TinyTeX/texmf-var/fonts/map/pdftex/updmap/pdftex.map} <./atomic.h.taglogo.rgb@3x.png>] [2]
<./results/unnamed-chunk-8-1.png, id=75, 1957.3125pt x 1355.0625pt>
File: ./results/unnamed-chunk-8-1.png Graphic file (type png)
<use ./results/unnamed-chunk-8-1.png>
Package pdftex.def Info: ./results/unnamed-chunk-8-1.png  used on input line 110.
(pdftex.def)             Requested size: 422.7553pt x 292.67674pt.
<./results/course-by-year-1.png, id=77, 1957.3125pt x 1355.0625pt>
File: ./results/course-by-year-1.png Graphic file (type png)
<use ./results/course-by-year-1.png>
Package pdftex.def Info: ./results/course-by-year-1.png  used on input line 121.
(pdftex.def)             Requested size: 422.7553pt x 292.67674pt.
[3
pdfTeX warning (ext4): destination with the same identifier (name{figure.1}) has been already used, duplicate ignored
<argument> ...shipout:D \box_use:N \l_shipout_box 
                                                  \__shipout_drop_firstpage_...
l.127 
       <./results/unnamed-chunk-8-1.png>]
<./results/course-by-month-1.png, id=86, 1957.3125pt x 1355.0625pt>
File: ./results/course-by-month-1.png Graphic file (type png)
<use ./results/course-by-month-1.png>
Package pdftex.def Info: ./results/course-by-month-1.png  used on input line 132.
(pdftex.def)             Requested size: 422.7553pt x 292.67674pt.
[4
pdfTeX warning (ext4): destination with the same identifier (name{figure.2}) has been already used, duplicate ignored
<argument> ...shipout:D \box_use:N \l_shipout_box 
                                                  \__shipout_drop_firstpage_...
l.138 
       <./results/course-by-year-1.png>]
<./results/unnamed-chunk-9-1.png, id=93, 1957.3125pt x 1355.0625pt>
File: ./results/unnamed-chunk-9-1.png Graphic file (type png)
<use ./results/unnamed-chunk-9-1.png>
Package pdftex.def Info: ./results/unnamed-chunk-9-1.png  used on input line 143.
(pdftex.def)             Requested size: 422.7553pt x 292.67674pt.
[5
pdfTeX warning (ext4): destination with the same identifier (name{figure.3}) has been already used, duplicate ignored
<argument> ...shipout:D \box_use:N \l_shipout_box 
                                                  \__shipout_drop_firstpage_...
l.149 
       <./results/course-by-month-1.png>]
<./results/unnamed-chunk-10-1.png, id=99, 1957.3125pt x 1355.0625pt>
File: ./results/unnamed-chunk-10-1.png Graphic file (type png)
<use ./results/unnamed-chunk-10-1.png>
Package pdftex.def Info: ./results/unnamed-chunk-10-1.png  used on input line 154.
(pdftex.def)             Requested size: 234.86737pt x 162.60048pt.
[6
pdfTeX warning (ext4): destination with the same identifier (name{figure.4}) has been already used, duplicate ignored
<argument> ...shipout:D \box_use:N \l_shipout_box 
                                                  \__shipout_drop_firstpage_...
l.162 
      
pdfTeX warning (ext4): destination with the same identifier (name{figure.5}) has been already used, duplicate ignored
<argument> ...shipout:D \box_use:N \l_shipout_box 
                                                  \__shipout_drop_firstpage_...
l.162 
       <./results/unnamed-chunk-9-1.png> <./results/unnamed-chunk-10-1.png>]
<./results/attendee-per-tool-year-1.png, id=110, 1957.3125pt x 1355.0625pt>
File: ./results/attendee-per-tool-year-1.png Graphic file (type png)
<use ./results/attendee-per-tool-year-1.png>
Package pdftex.def Info: ./results/attendee-per-tool-year-1.png  used on input line 165.
(pdftex.def)             Requested size: 422.7553pt x 292.67674pt.
<./results/attendee-per-tool-year-PhD-1.png, id=112, 1957.3125pt x 1355.0625pt>
File: ./results/attendee-per-tool-year-PhD-1.png Graphic file (type png)
<use ./results/attendee-per-tool-year-PhD-1.png>
Package pdftex.def Info: ./results/attendee-per-tool-year-PhD-1.png  used on input line 176.
(pdftex.def)             Requested size: 422.7553pt x 292.67674pt.
[7
pdfTeX warning (ext4): destination with the same identifier (name{figure.6}) has been already used, duplicate ignored
<argument> ...shipout:D \box_use:N \l_shipout_box 
                                                  \__shipout_drop_firstpage_...
l.182 
       <./results/attendee-per-tool-year-1.png>]
<./results/unnamed-chunk-11-1.png, id=120, 1957.3125pt x 1355.0625pt>
File: ./results/unnamed-chunk-11-1.png Graphic file (type png)
<use ./results/unnamed-chunk-11-1.png>
Package pdftex.def Info: ./results/unnamed-chunk-11-1.png  used on input line 187.
(pdftex.def)             Requested size: 234.86737pt x 162.60048pt.
<./results/attendee-per-role-year-1.png, id=122, 1957.3125pt x 1355.0625pt>
File: ./results/attendee-per-role-year-1.png Graphic file (type png)
<use ./results/attendee-per-role-year-1.png>
Package pdftex.def Info: ./results/attendee-per-role-year-1.png  used on input line 198.
(pdftex.def)             Requested size: 422.7553pt x 292.67674pt.
[8
pdfTeX warning (ext4): destination with the same identifier (name{figure.7}) has been already used, duplicate ignored
<argument> ...shipout:D \box_use:N \l_shipout_box 
                                                  \__shipout_drop_firstpage_...
l.203 \end{figure}
                  
pdfTeX warning (ext4): destination with the same identifier (name{figure.8}) has been already used, duplicate ignored
<argument> ...shipout:D \box_use:N \l_shipout_box 
                                                  \__shipout_drop_firstpage_...
l.203 \end{figure}
                   <./results/attendee-per-tool-year-PhD-1.png> <./results/unnamed-chunk-11-1.png>]
<./results/attendee-per-faculty-1.png, id=132, 1957.3125pt x 1355.0625pt>
File: ./results/attendee-per-faculty-1.png Graphic file (type png)
<use ./results/attendee-per-faculty-1.png>
Package pdftex.def Info: ./results/attendee-per-faculty-1.png  used on input line 209.
(pdftex.def)             Requested size: 234.86737pt x 162.60048pt.
[9
pdfTeX warning (ext4): destination with the same identifier (name{figure.9}) has been already used, duplicate ignored
<argument> ...shipout:D \box_use:N \l_shipout_box 
                                                  \__shipout_drop_firstpage_...
l.217 
      
pdfTeX warning (ext4): destination with the same identifier (name{figure.10}) has been already used, duplicate ignored
<argument> ...shipout:D \box_use:N \l_shipout_box 
                                                  \__shipout_drop_firstpage_...
l.217 
       <./results/attendee-per-role-year-1.png> <./results/attendee-per-faculty-1.png>]
<./results/attendee-per-faculty-year-1.png, id=141, 1957.3125pt x 1355.0625pt>
File: ./results/attendee-per-faculty-year-1.png Graphic file (type png)
<use ./results/attendee-per-faculty-year-1.png>
Package pdftex.def Info: ./results/attendee-per-faculty-year-1.png  used on input line 220.
(pdftex.def)             Requested size: 422.7553pt x 292.67674pt.
<./results/attendee-per-FoR-1.png, id=143, 1957.3125pt x 1355.0625pt>
File: ./results/attendee-per-FoR-1.png Graphic file (type png)
<use ./results/attendee-per-FoR-1.png>
Package pdftex.def Info: ./results/attendee-per-FoR-1.png  used on input line 231.
(pdftex.def)             Requested size: 234.86737pt x 162.60048pt.
[10
pdfTeX warning (ext4): destination with the same identifier (name{figure.11}) has been already used, duplicate ignored
<argument> ...shipout:D \box_use:N \l_shipout_box 
                                                  \__shipout_drop_firstpage_...
l.237 
       <./results/attendee-per-faculty-year-1.png>]
<./results/unnamed-chunk-12-1.png, id=151, 1957.3125pt x 1355.0625pt>
File: ./results/unnamed-chunk-12-1.png Graphic file (type png)
<use ./results/unnamed-chunk-12-1.png>
Package pdftex.def Info: ./results/unnamed-chunk-12-1.png  used on input line 242.
(pdftex.def)             Requested size: 422.7553pt x 292.67674pt.
<./results/attendee-per-tool-role-1.png, id=153, 1957.3125pt x 1355.0625pt>
File: ./results/attendee-per-tool-role-1.png Graphic file (type png)
<use ./results/attendee-per-tool-role-1.png>
Package pdftex.def Info: ./results/attendee-per-tool-role-1.png  used on input line 253.
(pdftex.def)             Requested size: 422.7553pt x 292.67674pt.
[11
pdfTeX warning (ext4): destination with the same identifier (name{figure.12}) has been already used, duplicate ignored
<argument> ...shipout:D \box_use:N \l_shipout_box 
                                                  \__shipout_drop_firstpage_...
l.259 
      
pdfTeX warning (ext4): destination with the same identifier (name{figure.13}) has been already used, duplicate ignored
<argument> ...shipout:D \box_use:N \l_shipout_box 
                                                  \__shipout_drop_firstpage_...
l.259 
       <./results/attendee-per-FoR-1.png> <./results/unnamed-chunk-12-1.png>]
<./results/attendee-per-tool-faculty-1.png, id=163, 1957.3125pt x 1355.0625pt>
File: ./results/attendee-per-tool-faculty-1.png Graphic file (type png)
<use ./results/attendee-per-tool-faculty-1.png>
Package pdftex.def Info: ./results/attendee-per-tool-faculty-1.png  used on input line 268.
(pdftex.def)             Requested size: 422.7553pt x 292.67674pt.
[12
pdfTeX warning (ext4): destination with the same identifier (name{figure.14}) has been already used, duplicate ignored
<argument> ...shipout:D \box_use:N \l_shipout_box 
                                                  \__shipout_drop_firstpage_...
l.274 
       <./results/attendee-per-tool-role-1.png>]
<./results/attendee-per-role-faculty-1.png, id=171, 1957.3125pt x 1355.0625pt>
File: ./results/attendee-per-role-faculty-1.png Graphic file (type png)
<use ./results/attendee-per-role-faculty-1.png>
Package pdftex.def Info: ./results/attendee-per-role-faculty-1.png  used on input line 279.
(pdftex.def)             Requested size: 422.7553pt x 292.67674pt.
[13
pdfTeX warning (ext4): destination with the same identifier (name{figure.15}) has been already used, duplicate ignored
<argument> ...shipout:D \box_use:N \l_shipout_box 
                                                  \__shipout_drop_firstpage_...
l.285 
       <./results/attendee-per-tool-faculty-1.png>]
<./results/attendee-per-faculty-competency-1.png, id=180, 1957.3125pt x 1355.0625pt>
File: ./results/attendee-per-faculty-competency-1.png Graphic file (type png)
<use ./results/attendee-per-faculty-competency-1.png>
Package pdftex.def Info: ./results/attendee-per-faculty-competency-1.png  used on input line 290.
(pdftex.def)             Requested size: 422.7553pt x 292.67674pt.
[14
pdfTeX warning (ext4): destination with the same identifier (name{figure.16}) has been already used, duplicate ignored
<argument> ...shipout:D \box_use:N \l_shipout_box 
                                                  \__shipout_drop_firstpage_...
l.296 
       <./results/attendee-per-role-faculty-1.png>]
<./results/attendee-per-state-year-1.png, id=189, 1957.3125pt x 1355.0625pt>
File: ./results/attendee-per-state-year-1.png Graphic file (type png)
<use ./results/attendee-per-state-year-1.png>
Package pdftex.def Info: ./results/attendee-per-state-year-1.png  used on input line 301.
(pdftex.def)             Requested size: 422.7553pt x 292.67674pt.
[15
pdfTeX warning (ext4): destination with the same identifier (name{figure.17}) has been already used, duplicate ignored
<argument> ...shipout:D \box_use:N \l_shipout_box 
                                                  \__shipout_drop_firstpage_...
l.307 
       <./results/attendee-per-faculty-competency-1.png>]
<./results/reason-1.png, id=197, 1957.3125pt x 1355.0625pt>
File: ./results/reason-1.png Graphic file (type png)
<use ./results/reason-1.png>
Package pdftex.def Info: ./results/reason-1.png  used on input line 312.
(pdftex.def)             Requested size: 234.86737pt x 162.60048pt.
<./results/reason-by-role-1.png, id=200, 1957.3125pt x 1355.0625pt>
File: ./results/reason-by-role-1.png Graphic file (type png)
<use ./results/reason-by-role-1.png>
Package pdftex.def Info: ./results/reason-by-role-1.png  used on input line 323.
(pdftex.def)             Requested size: 422.7553pt x 292.67674pt.
[16
pdfTeX warning (ext4): destination with the same identifier (name{figure.18}) has been already used, duplicate ignored
<argument> ...shipout:D \box_use:N \l_shipout_box 
                                                  \__shipout_drop_firstpage_...
l.328 \end{figure}
                  
pdfTeX warning (ext4): destination with the same identifier (name{figure.19}) has been already used, duplicate ignored
<argument> ...shipout:D \box_use:N \l_shipout_box 
                                                  \__shipout_drop_firstpage_...
l.328 \end{figure}
                   <./results/attendee-per-state-year-1.png> <./results/reason-1.png>]
<./results/reason-by-faculty-1.png, id=210, 1957.3125pt x 1355.0625pt>
File: ./results/reason-by-faculty-1.png Graphic file (type png)
<use ./results/reason-by-faculty-1.png>
Package pdftex.def Info: ./results/reason-by-faculty-1.png  used on input line 332.
(pdftex.def)             Requested size: 422.7553pt x 292.67674pt.
[17
pdfTeX warning (ext4): destination with the same identifier (name{figure.20}) has been already used, duplicate ignored
<argument> ...shipout:D \box_use:N \l_shipout_box 
                                                  \__shipout_drop_firstpage_...
l.338 
       <./results/reason-by-role-1.png>]
<./results/unnamed-chunk-13-1.png, id=216, 1957.3125pt x 1355.0625pt>
File: ./results/unnamed-chunk-13-1.png Graphic file (type png)
<use ./results/unnamed-chunk-13-1.png>
Package pdftex.def Info: ./results/unnamed-chunk-13-1.png  used on input line 343.
(pdftex.def)             Requested size: 234.86737pt x 162.60048pt.
[18
pdfTeX warning (ext4): destination with the same identifier (name{figure.21}) has been already used, duplicate ignored
<argument> ...shipout:D \box_use:N \l_shipout_box 
                                                  \__shipout_drop_firstpage_...
l.351 
      
pdfTeX warning (ext4): destination with the same identifier (name{figure.22}) has been already used, duplicate ignored
<argument> ...shipout:D \box_use:N \l_shipout_box 
                                                  \__shipout_drop_firstpage_...
l.351 
       <./results/reason-by-faculty-1.png> <./results/unnamed-chunk-13-1.png>]
<./results/hear-by-role-1.png, id=228, 1957.3125pt x 1355.0625pt>
File: ./results/hear-by-role-1.png Graphic file (type png)
<use ./results/hear-by-role-1.png>
Package pdftex.def Info: ./results/hear-by-role-1.png  used on input line 354.
(pdftex.def)             Requested size: 422.7553pt x 292.67674pt.
<./results/hear-by-faculty-1.png, id=229, 1957.3125pt x 1355.0625pt>
File: ./results/hear-by-faculty-1.png Graphic file (type png)
<use ./results/hear-by-faculty-1.png>
Package pdftex.def Info: ./results/hear-by-faculty-1.png  used on input line 363.
(pdftex.def)             Requested size: 422.7553pt x 292.67674pt.
[19
pdfTeX warning (ext4): destination with the same identifier (name{figure.23}) has been already used, duplicate ignored
<argument> ...shipout:D \box_use:N \l_shipout_box 
                                                  \__shipout_drop_firstpage_...
l.369 
       <./results/hear-by-role-1.png>]
<./results/return-1.png, id=237, 1957.3125pt x 1355.0625pt>
File: ./results/return-1.png Graphic file (type png)
<use ./results/return-1.png>
Package pdftex.def Info: ./results/return-1.png  used on input line 374.
(pdftex.def)             Requested size: 422.7553pt x 292.67674pt.
[20
pdfTeX warning (ext4): destination with the same identifier (name{figure.24}) has been already used, duplicate ignored
<argument> ...shipout:D \box_use:N \l_shipout_box 
                                                  \__shipout_drop_firstpage_...
l.380 
       <./results/hear-by-faculty-1.png>]
<./results/return-by-role-1.png, id=245, 1957.3125pt x 1355.0625pt>
File: ./results/return-by-role-1.png Graphic file (type png)
<use ./results/return-by-role-1.png>
Package pdftex.def Info: ./results/return-by-role-1.png  used on input line 385.
(pdftex.def)             Requested size: 422.7553pt x 292.67674pt.
[21
pdfTeX warning (ext4): destination with the same identifier (name{figure.25}) has been already used, duplicate ignored
<argument> ...shipout:D \box_use:N \l_shipout_box 
                                                  \__shipout_drop_firstpage_...
l.391 
       <./results/return-1.png>]
<./results/return-by-faculty-1.png, id=253, 1957.3125pt x 1355.0625pt>
File: ./results/return-by-faculty-1.png Graphic file (type png)
<use ./results/return-by-faculty-1.png>
Package pdftex.def Info: ./results/return-by-faculty-1.png  used on input line 396.
(pdftex.def)             Requested size: 422.7553pt x 292.67674pt.
[22
pdfTeX warning (ext4): destination with the same identifier (name{figure.26}) has been already used, duplicate ignored
<argument> ...shipout:D \box_use:N \l_shipout_box 
                                                  \__shipout_drop_firstpage_...
l.402 
       <./results/return-by-role-1.png>]
<./results/unnamed-chunk-14-1.png, id=260, 1957.3125pt x 1355.0625pt>
File: ./results/unnamed-chunk-14-1.png Graphic file (type png)
<use ./results/unnamed-chunk-14-1.png>
Package pdftex.def Info: ./results/unnamed-chunk-14-1.png  used on input line 417.
(pdftex.def)             Requested size: 234.86737pt x 162.60048pt.
[23
pdfTeX warning (ext4): destination with the same identifier (name{figure.27}) has been already used, duplicate ignored
<argument> ...shipout:D \box_use:N \l_shipout_box 
                                                  \__shipout_drop_firstpage_...
l.423 
       <./results/return-by-faculty-1.png>]
<./results/unnamed-chunk-15-1.png, id=269, 1957.3125pt x 1355.0625pt>
File: ./results/unnamed-chunk-15-1.png Graphic file (type png)
<use ./results/unnamed-chunk-15-1.png>
Package pdftex.def Info: ./results/unnamed-chunk-15-1.png  used on input line 428.
(pdftex.def)             Requested size: 234.86737pt x 162.60048pt.
<./results/unnamed-chunk-16-1.png, id=270, 1957.3125pt x 1355.0625pt>
File: ./results/unnamed-chunk-16-1.png Graphic file (type png)
<use ./results/unnamed-chunk-16-1.png>
Package pdftex.def Info: ./results/unnamed-chunk-16-1.png  used on input line 439.
(pdftex.def)             Requested size: 234.86737pt x 162.60048pt.
[24
pdfTeX warning (ext4): destination with the same identifier (name{figure.28}) has been already used, duplicate ignored
<argument> ...shipout:D \box_use:N \l_shipout_box 
                                                  \__shipout_drop_firstpage_...
l.445 
      
pdfTeX warning (ext4): destination with the same identifier (name{figure.29}) has been already used, duplicate ignored
<argument> ...shipout:D \box_use:N \l_shipout_box 
                                                  \__shipout_drop_firstpage_...
l.445 
       <./results/unnamed-chunk-14-1.png> <./results/unnamed-chunk-15-1.png>]
<./results/unnamed-chunk-17-1.png, id=279, 1957.3125pt x 1355.0625pt>
File: ./results/unnamed-chunk-17-1.png Graphic file (type png)
<use ./results/unnamed-chunk-17-1.png>
Package pdftex.def Info: ./results/unnamed-chunk-17-1.png  used on input line 450.
(pdftex.def)             Requested size: 234.86737pt x 162.60048pt.
[25
pdfTeX warning (ext4): destination with the same identifier (name{figure.30}) has been already used, duplicate ignored
<argument> ...shipout:D \box_use:N \l_shipout_box 
                                                  \__shipout_drop_firstpage_...
l.473 \end{enumerate}
                     
pdfTeX warning (ext4): destination with the same identifier (name{figure.31}) has been already used, duplicate ignored
<argument> ...shipout:D \box_use:N \l_shipout_box 
                                                  \__shipout_drop_firstpage_...
l.473 \end{enumerate}
                      <./results/unnamed-chunk-16-1.png> <./results/unnamed-chunk-17-1.png>]
<./results/Kirkpatrick-1.png, id=294, 1957.3125pt x 1355.0625pt>
File: ./results/Kirkpatrick-1.png Graphic file (type png)
<use ./results/Kirkpatrick-1.png>
Package pdftex.def Info: ./results/Kirkpatrick-1.png  used on input line 487.
(pdftex.def)             Requested size: 422.7553pt x 292.67674pt.
<./results/unnamed-chunk-22-1.png, id=295, 1957.3125pt x 1355.0625pt>
File: ./results/unnamed-chunk-22-1.png Graphic file (type png)
<use ./results/unnamed-chunk-22-1.png>
Package pdftex.def Info: ./results/unnamed-chunk-22-1.png  used on input line 501.
(pdftex.def)             Requested size: 422.7553pt x 292.67674pt.
[26
pdfTeX warning (ext4): destination with the same identifier (name{figure.32}) has been already used, duplicate ignored
<argument> ...shipout:D \box_use:N \l_shipout_box 
                                                  \__shipout_drop_firstpage_...
l.507 
       <./results/Kirkpatrick-1.png>]
<./results/unnamed-chunk-23-1.png, id=304, 1957.3125pt x 1355.0625pt>
File: ./results/unnamed-chunk-23-1.png Graphic file (type png)
<use ./results/unnamed-chunk-23-1.png>
Package pdftex.def Info: ./results/unnamed-chunk-23-1.png  used on input line 512.
(pdftex.def)             Requested size: 422.7553pt x 292.67674pt.
[27
pdfTeX warning (ext4): destination with the same identifier (name{figure.33}) has been already used, duplicate ignored
<argument> ...shipout:D \box_use:N \l_shipout_box 
                                                  \__shipout_drop_firstpage_...
l.518 
       <./results/unnamed-chunk-22-1.png>]
<./results/unnamed-chunk-24-1.png, id=311, 1957.3125pt x 1355.0625pt>
File: ./results/unnamed-chunk-24-1.png Graphic file (type png)
<use ./results/unnamed-chunk-24-1.png>
Package pdftex.def Info: ./results/unnamed-chunk-24-1.png  used on input line 523.
(pdftex.def)             Requested size: 422.7553pt x 292.67674pt.
[28
pdfTeX warning (ext4): destination with the same identifier (name{figure.34}) has been already used, duplicate ignored
<argument> ...shipout:D \box_use:N \l_shipout_box 
                                                  \__shipout_drop_firstpage_...
l.529 
       <./results/unnamed-chunk-23-1.png>]
<./results/unnamed-chunk-25-1.png, id=318, 1957.3125pt x 1355.0625pt>
File: ./results/unnamed-chunk-25-1.png Graphic file (type png)
<use ./results/unnamed-chunk-25-1.png>
Package pdftex.def Info: ./results/unnamed-chunk-25-1.png  used on input line 537.
(pdftex.def)             Requested size: 422.7553pt x 292.67674pt.
[29
pdfTeX warning (ext4): destination with the same identifier (name{figure.35}) has been already used, duplicate ignored
<argument> ...shipout:D \box_use:N \l_shipout_box 
                                                  \__shipout_drop_firstpage_...
l.543 
       <./results/unnamed-chunk-24-1.png>]
<./results/unnamed-chunk-26-1.png, id=326, 1957.3125pt x 1355.0625pt>
File: ./results/unnamed-chunk-26-1.png Graphic file (type png)
<use ./results/unnamed-chunk-26-1.png>
Package pdftex.def Info: ./results/unnamed-chunk-26-1.png  used on input line 548.
(pdftex.def)             Requested size: 422.7553pt x 292.67674pt.
[30
pdfTeX warning (ext4): destination with the same identifier (name{figure.36}) has been already used, duplicate ignored
<argument> ...shipout:D \box_use:N \l_shipout_box 
                                                  \__shipout_drop_firstpage_...
l.554 
       <./results/unnamed-chunk-25-1.png>]
<./results/unnamed-chunk-27-1.png, id=333, 1957.3125pt x 1355.0625pt>
File: ./results/unnamed-chunk-27-1.png Graphic file (type png)
<use ./results/unnamed-chunk-27-1.png>
Package pdftex.def Info: ./results/unnamed-chunk-27-1.png  used on input line 559.
(pdftex.def)             Requested size: 422.7553pt x 292.67674pt.
[31
pdfTeX warning (ext4): destination with the same identifier (name{figure.37}) has been already used, duplicate ignored
<argument> ...shipout:D \box_use:N \l_shipout_box 
                                                  \__shipout_drop_firstpage_...
l.565 
       <./results/unnamed-chunk-26-1.png>]
<./results/unnamed-chunk-28-1.png, id=341, 1957.3125pt x 1355.0625pt>
File: ./results/unnamed-chunk-28-1.png Graphic file (type png)
<use ./results/unnamed-chunk-28-1.png>
Package pdftex.def Info: ./results/unnamed-chunk-28-1.png  used on input line 573.
(pdftex.def)             Requested size: 422.7553pt x 292.67674pt.
[32
pdfTeX warning (ext4): destination with the same identifier (name{figure.38}) has been already used, duplicate ignored
<argument> ...shipout:D \box_use:N \l_shipout_box 
                                                  \__shipout_drop_firstpage_...
l.579 
       <./results/unnamed-chunk-27-1.png>]
<./results/unnamed-chunk-29-1.png, id=350, 1957.3125pt x 1355.0625pt>
File: ./results/unnamed-chunk-29-1.png Graphic file (type png)
<use ./results/unnamed-chunk-29-1.png>
Package pdftex.def Info: ./results/unnamed-chunk-29-1.png  used on input line 584.
(pdftex.def)             Requested size: 422.7553pt x 292.67674pt.
[33
pdfTeX warning (ext4): destination with the same identifier (name{figure.39}) has been already used, duplicate ignored
<argument> ...shipout:D \box_use:N \l_shipout_box 
                                                  \__shipout_drop_firstpage_...
l.590 
       <./results/unnamed-chunk-28-1.png>]
<./results/unnamed-chunk-30-1.png, id=357, 1957.3125pt x 1355.0625pt>
File: ./results/unnamed-chunk-30-1.png Graphic file (type png)
<use ./results/unnamed-chunk-30-1.png>
Package pdftex.def Info: ./results/unnamed-chunk-30-1.png  used on input line 595.
(pdftex.def)             Requested size: 422.7553pt x 292.67674pt.
[34
pdfTeX warning (ext4): destination with the same identifier (name{figure.40}) has been already used, duplicate ignored
<argument> ...shipout:D \box_use:N \l_shipout_box 
                                                  \__shipout_drop_firstpage_...
l.601 
       <./results/unnamed-chunk-29-1.png>]
<./results/unnamed-chunk-31-1.png, id=364, 1957.3125pt x 1355.0625pt>
File: ./results/unnamed-chunk-31-1.png Graphic file (type png)
<use ./results/unnamed-chunk-31-1.png>
Package pdftex.def Info: ./results/unnamed-chunk-31-1.png  used on input line 609.
(pdftex.def)             Requested size: 422.7553pt x 292.67674pt.
[35
pdfTeX warning (ext4): destination with the same identifier (name{figure.41}) has been already used, duplicate ignored
<argument> ...shipout:D \box_use:N \l_shipout_box 
                                                  \__shipout_drop_firstpage_...
l.615 
       <./results/unnamed-chunk-30-1.png>]
<./results/unnamed-chunk-32-1.png, id=372, 1957.3125pt x 1355.0625pt>
File: ./results/unnamed-chunk-32-1.png Graphic file (type png)
<use ./results/unnamed-chunk-32-1.png>
Package pdftex.def Info: ./results/unnamed-chunk-32-1.png  used on input line 620.
(pdftex.def)             Requested size: 422.7553pt x 292.67674pt.
[36
pdfTeX warning (ext4): destination with the same identifier (name{figure.42}) has been already used, duplicate ignored
<argument> ...shipout:D \box_use:N \l_shipout_box 
                                                  \__shipout_drop_firstpage_...
l.626 
       <./results/unnamed-chunk-31-1.png>]
<./results/unnamed-chunk-33-1.png, id=379, 1957.3125pt x 1355.0625pt>
File: ./results/unnamed-chunk-33-1.png Graphic file (type png)
<use ./results/unnamed-chunk-33-1.png>
Package pdftex.def Info: ./results/unnamed-chunk-33-1.png  used on input line 631.
(pdftex.def)             Requested size: 422.7553pt x 292.67674pt.
[37
pdfTeX warning (ext4): destination with the same identifier (name{figure.43}) has been already used, duplicate ignored
<argument> ...shipout:D \box_use:N \l_shipout_box 
                                                  \__shipout_drop_firstpage_...
l.637 
       <./results/unnamed-chunk-32-1.png>]
<./results/unnamed-chunk-34-1.png, id=387, 1957.3125pt x 1355.0625pt>
File: ./results/unnamed-chunk-34-1.png Graphic file (type png)
<use ./results/unnamed-chunk-34-1.png>
Package pdftex.def Info: ./results/unnamed-chunk-34-1.png  used on input line 645.
(pdftex.def)             Requested size: 234.86737pt x 162.60048pt.
[38
pdfTeX warning (ext4): destination with the same identifier (name{figure.44}) has been already used, duplicate ignored
<argument> ...shipout:D \box_use:N \l_shipout_box 
                                                  \__shipout_drop_firstpage_...
l.653 
      
pdfTeX warning (ext4): destination with the same identifier (name{figure.45}) has been already used, duplicate ignored
<argument> ...shipout:D \box_use:N \l_shipout_box 
                                                  \__shipout_drop_firstpage_...
l.653 
       <./results/unnamed-chunk-33-1.png> <./results/unnamed-chunk-34-1.png>]
<./results/unnamed-chunk-35-1.png, id=397, 1957.3125pt x 1355.0625pt>
File: ./results/unnamed-chunk-35-1.png Graphic file (type png)
<use ./results/unnamed-chunk-35-1.png>
Package pdftex.def Info: ./results/unnamed-chunk-35-1.png  used on input line 656.
(pdftex.def)             Requested size: 422.7553pt x 292.67674pt.
<./results/unnamed-chunk-36-1.png, id=398, 1957.3125pt x 1355.0625pt>
File: ./results/unnamed-chunk-36-1.png Graphic file (type png)
<use ./results/unnamed-chunk-36-1.png>
Package pdftex.def Info: ./results/unnamed-chunk-36-1.png  used on input line 667.
(pdftex.def)             Requested size: 422.7553pt x 292.67674pt.
[39
pdfTeX warning (ext4): destination with the same identifier (name{figure.46}) has been already used, duplicate ignored
<argument> ...shipout:D \box_use:N \l_shipout_box 
                                                  \__shipout_drop_firstpage_...
l.673 
       <./results/unnamed-chunk-35-1.png>]
<./results/unnamed-chunk-37-1.png, id=405, 1957.3125pt x 1355.0625pt>
File: ./results/unnamed-chunk-37-1.png Graphic file (type png)
<use ./results/unnamed-chunk-37-1.png>
Package pdftex.def Info: ./results/unnamed-chunk-37-1.png  used on input line 678.
(pdftex.def)             Requested size: 422.7553pt x 292.67674pt.
[40
pdfTeX warning (ext4): destination with the same identifier (name{figure.47}) has been already used, duplicate ignored
<argument> ...shipout:D \box_use:N \l_shipout_box 
                                                  \__shipout_drop_firstpage_...
l.684 
       <./results/unnamed-chunk-36-1.png>]
<./results/unnamed-chunk-38-1.png, id=412, 1957.3125pt x 1355.0625pt>
File: ./results/unnamed-chunk-38-1.png Graphic file (type png)
<use ./results/unnamed-chunk-38-1.png>
Package pdftex.def Info: ./results/unnamed-chunk-38-1.png  used on input line 692.
(pdftex.def)             Requested size: 234.86737pt x 162.60048pt.
<./results/unnamed-chunk-39-1.png, id=413, 1957.3125pt x 1355.0625pt>
File: ./results/unnamed-chunk-39-1.png Graphic file (type png)
<use ./results/unnamed-chunk-39-1.png>
Package pdftex.def Info: ./results/unnamed-chunk-39-1.png  used on input line 703.
(pdftex.def)             Requested size: 422.7553pt x 292.67674pt.
[41
pdfTeX warning (ext4): destination with the same identifier (name{figure.48}) has been already used, duplicate ignored
<argument> ...shipout:D \box_use:N \l_shipout_box 
                                                  \__shipout_drop_firstpage_...
l.709 
      
pdfTeX warning (ext4): destination with the same identifier (name{figure.49}) has been already used, duplicate ignored
<argument> ...shipout:D \box_use:N \l_shipout_box 
                                                  \__shipout_drop_firstpage_...
l.709 
       <./results/unnamed-chunk-37-1.png> <./results/unnamed-chunk-38-1.png>]
<./results/unnamed-chunk-40-1.png, id=423, 1957.3125pt x 1355.0625pt>
File: ./results/unnamed-chunk-40-1.png Graphic file (type png)
<use ./results/unnamed-chunk-40-1.png>
Package pdftex.def Info: ./results/unnamed-chunk-40-1.png  used on input line 714.
(pdftex.def)             Requested size: 422.7553pt x 292.67674pt.
[42
pdfTeX warning (ext4): destination with the same identifier (name{figure.50}) has been already used, duplicate ignored
<argument> ...shipout:D \box_use:N \l_shipout_box 
                                                  \__shipout_drop_firstpage_...
l.720 
       <./results/unnamed-chunk-39-1.png>]
<./results/unnamed-chunk-41-1.png, id=430, 1957.3125pt x 1355.0625pt>
File: ./results/unnamed-chunk-41-1.png Graphic file (type png)
<use ./results/unnamed-chunk-41-1.png>
Package pdftex.def Info: ./results/unnamed-chunk-41-1.png  used on input line 725.
(pdftex.def)             Requested size: 422.7553pt x 292.67674pt.
[43
pdfTeX warning (ext4): destination with the same identifier (name{figure.51}) has been already used, duplicate ignored
<argument> ...shipout:D \box_use:N \l_shipout_box 
                                                  \__shipout_drop_firstpage_...
l.731 
       <./results/unnamed-chunk-40-1.png>]
<./results/unnamed-chunk-42-1.png, id=438, 1957.3125pt x 1355.0625pt>
File: ./results/unnamed-chunk-42-1.png Graphic file (type png)
<use ./results/unnamed-chunk-42-1.png>
Package pdftex.def Info: ./results/unnamed-chunk-42-1.png  used on input line 739.
(pdftex.def)             Requested size: 234.86737pt x 162.60048pt.
<./results/unnamed-chunk-43-1.png, id=439, 1957.3125pt x 1355.0625pt>
File: ./results/unnamed-chunk-43-1.png Graphic file (type png)
<use ./results/unnamed-chunk-43-1.png>
Package pdftex.def Info: ./results/unnamed-chunk-43-1.png  used on input line 750.
(pdftex.def)             Requested size: 422.7553pt x 292.67674pt.
[44
pdfTeX warning (ext4): destination with the same identifier (name{figure.52}) has been already used, duplicate ignored
<argument> ...shipout:D \box_use:N \l_shipout_box 
                                                  \__shipout_drop_firstpage_...
l.755 \end{figure}
                  
pdfTeX warning (ext4): destination with the same identifier (name{figure.53}) has been already used, duplicate ignored
<argument> ...shipout:D \box_use:N \l_shipout_box 
                                                  \__shipout_drop_firstpage_...
l.755 \end{figure}
                   <./results/unnamed-chunk-41-1.png> <./results/unnamed-chunk-42-1.png>]
<./results/unnamed-chunk-44-1.png, id=449, 1957.3125pt x 1355.0625pt>
File: ./results/unnamed-chunk-44-1.png Graphic file (type png)
<use ./results/unnamed-chunk-44-1.png>
Package pdftex.def Info: ./results/unnamed-chunk-44-1.png  used on input line 761.
(pdftex.def)             Requested size: 422.7553pt x 292.67674pt.
[45
pdfTeX warning (ext4): destination with the same identifier (name{figure.54}) has been already used, duplicate ignored
<argument> ...shipout:D \box_use:N \l_shipout_box 
                                                  \__shipout_drop_firstpage_...
l.767 
       <./results/unnamed-chunk-43-1.png>]
<./results/unnamed-chunk-45-1.png, id=456, 1957.3125pt x 1355.0625pt>
File: ./results/unnamed-chunk-45-1.png Graphic file (type png)
<use ./results/unnamed-chunk-45-1.png>
Package pdftex.def Info: ./results/unnamed-chunk-45-1.png  used on input line 772.
(pdftex.def)             Requested size: 422.7553pt x 292.67674pt.
[46
pdfTeX warning (ext4): destination with the same identifier (name{figure.55}) has been already used, duplicate ignored
<argument> ...shipout:D \box_use:N \l_shipout_box 
                                                  \__shipout_drop_firstpage_...
l.778 
       <./results/unnamed-chunk-44-1.png>]
<./results/unnamed-chunk-46-1.png, id=463, 1957.3125pt x 1355.0625pt>
File: ./results/unnamed-chunk-46-1.png Graphic file (type png)
<use ./results/unnamed-chunk-46-1.png>
Package pdftex.def Info: ./results/unnamed-chunk-46-1.png  used on input line 783.
(pdftex.def)             Requested size: 422.7553pt x 292.67674pt.
[47
pdfTeX warning (ext4): destination with the same identifier (name{figure.56}) has been already used, duplicate ignored
<argument> ...shipout:D \box_use:N \l_shipout_box 
                                                  \__shipout_drop_firstpage_...
l.789 
       <./results/unnamed-chunk-45-1.png>]
<./results/unnamed-chunk-47-1.png, id=470, 1957.3125pt x 1355.0625pt>
File: ./results/unnamed-chunk-47-1.png Graphic file (type png)
<use ./results/unnamed-chunk-47-1.png>
Package pdftex.def Info: ./results/unnamed-chunk-47-1.png  used on input line 794.
(pdftex.def)             Requested size: 422.7553pt x 292.67674pt.
[48
pdfTeX warning (ext4): destination with the same identifier (name{figure.57}) has been already used, duplicate ignored
<argument> ...shipout:D \box_use:N \l_shipout_box 
                                                  \__shipout_drop_firstpage_...
l.800 
       <./results/unnamed-chunk-46-1.png>]
<./results/unnamed-chunk-48-1.png, id=477, 1957.3125pt x 1355.0625pt>
File: ./results/unnamed-chunk-48-1.png Graphic file (type png)
<use ./results/unnamed-chunk-48-1.png>
Package pdftex.def Info: ./results/unnamed-chunk-48-1.png  used on input line 805.
(pdftex.def)             Requested size: 422.7553pt x 292.67674pt.
[49
pdfTeX warning (ext4): destination with the same identifier (name{figure.58}) has been already used, duplicate ignored
<argument> ...shipout:D \box_use:N \l_shipout_box 
                                                  \__shipout_drop_firstpage_...
l.811 
       <./results/unnamed-chunk-47-1.png>]
<./results/unnamed-chunk-49-1.png, id=485, 1957.3125pt x 1355.0625pt>
File: ./results/unnamed-chunk-49-1.png Graphic file (type png)
<use ./results/unnamed-chunk-49-1.png>
Package pdftex.def Info: ./results/unnamed-chunk-49-1.png  used on input line 819.
(pdftex.def)             Requested size: 422.7553pt x 292.67674pt.
[50
pdfTeX warning (ext4): destination with the same identifier (name{figure.59}) has been already used, duplicate ignored
<argument> ...shipout:D \box_use:N \l_shipout_box 
                                                  \__shipout_drop_firstpage_...
l.825 
       <./results/unnamed-chunk-48-1.png>]
<./results/frequency-by-level-1.png, id=494, 1957.3125pt x 1355.0625pt>
File: ./results/frequency-by-level-1.png Graphic file (type png)
<use ./results/frequency-by-level-1.png>
Package pdftex.def Info: ./results/frequency-by-level-1.png  used on input line 830.
(pdftex.def)             Requested size: 422.7553pt x 292.67674pt.
[51
pdfTeX warning (ext4): destination with the same identifier (name{figure.60}) has been already used, duplicate ignored
<argument> ...shipout:D \box_use:N \l_shipout_box 
                                                  \__shipout_drop_firstpage_...
l.836 
       <./results/unnamed-chunk-49-1.png>]
<./results/unnamed-chunk-50-1.png, id=502, 1957.3125pt x 1355.0625pt>
File: ./results/unnamed-chunk-50-1.png Graphic file (type png)
<use ./results/unnamed-chunk-50-1.png>
Package pdftex.def Info: ./results/unnamed-chunk-50-1.png  used on input line 841.
(pdftex.def)             Requested size: 422.7553pt x 292.67674pt.
[52
pdfTeX warning (ext4): destination with the same identifier (name{figure.61}) has been already used, duplicate ignored
<argument> ...shipout:D \box_use:N \l_shipout_box 
                                                  \__shipout_drop_firstpage_...
l.847 
       <./results/frequency-by-level-1.png>]
<./results/helpful-by-level-1.png, id=509, 1957.3125pt x 1355.0625pt>
File: ./results/helpful-by-level-1.png Graphic file (type png)
<use ./results/helpful-by-level-1.png>
Package pdftex.def Info: ./results/helpful-by-level-1.png  used on input line 852.
(pdftex.def)             Requested size: 422.7553pt x 292.67674pt.
[53
pdfTeX warning (ext4): destination with the same identifier (name{figure.62}) has been already used, duplicate ignored
<argument> ...shipout:D \box_use:N \l_shipout_box 
                                                  \__shipout_drop_firstpage_...
l.858 
       <./results/unnamed-chunk-50-1.png>]
<./results/post-training-by-level-1.png, id=519, 1957.3125pt x 1355.0625pt>
File: ./results/post-training-by-level-1.png Graphic file (type png)
<use ./results/post-training-by-level-1.png>
Package pdftex.def Info: ./results/post-training-by-level-1.png  used on input line 863.
(pdftex.def)             Requested size: 422.7553pt x 292.67674pt.
[54
pdfTeX warning (ext4): destination with the same identifier (name{figure.63}) has been already used, duplicate ignored
<argument> ...shipout:D \box_use:N \l_shipout_box 
                                                  \__shipout_drop_firstpage_...
l.869 
       <./results/helpful-by-level-1.png>]
<./results/research-output-by-level-1.png, id=527, 1957.3125pt x 1355.0625pt>
File: ./results/research-output-by-level-1.png Graphic file (type png)
<use ./results/research-output-by-level-1.png>
Package pdftex.def Info: ./results/research-output-by-level-1.png  used on input line 874.
(pdftex.def)             Requested size: 422.7553pt x 292.67674pt.
[55
pdfTeX warning (ext4): destination with the same identifier (name{figure.64}) has been already used, duplicate ignored
<argument> ...shipout:D \box_use:N \l_shipout_box 
                                                  \__shipout_drop_firstpage_...
l.880 
       <./results/post-training-by-level-1.png>]
<./results/unnamed-chunk-51-1.png, id=535, 1957.3125pt x 1355.0625pt>
File: ./results/unnamed-chunk-51-1.png Graphic file (type png)
<use ./results/unnamed-chunk-51-1.png>
Package pdftex.def Info: ./results/unnamed-chunk-51-1.png  used on input line 885.
(pdftex.def)             Requested size: 422.7553pt x 292.67674pt.
[56
pdfTeX warning (ext4): destination with the same identifier (name{figure.65}) has been already used, duplicate ignored
<argument> ...shipout:D \box_use:N \l_shipout_box 
                                                  \__shipout_drop_firstpage_...
l.891 
       <./results/research-output-by-level-1.png>] [57
pdfTeX warning (ext4): destination with the same identifier (name{figure.66}) has been already used, duplicate ignored
<argument> ...shipout:D \box_use:N \l_shipout_box 
                                                  \__shipout_drop_firstpage_...
l.892 \end{document}
                     <./results/unnamed-chunk-51-1.png>] (./Analysis_Researchers_RMarkdown.aux)
Package rerunfilecheck Info: File `Analysis_Researchers_RMarkdown.out' has not changed.
(rerunfilecheck)             Checksum: 94ADF5EC5B45B2F2C31748C8C0268074;2249.
 ) 
Here is how much of TeX's memory you used:
 12346 strings out of 479983
 207475 string characters out of 5886966
 486750 words of memory out of 5000000
 30143 multiletter control sequences out of 15000+600000
 502513 words of font info for 51 fonts, out of 8000000 for 9000
 14 hyphenation exceptions out of 8191
 72i,12n,77p,1305b,533s stack positions out of 10000i,1000n,20000p,200000b,200000s
{/Users/jianzhou/Library/TinyTeX/texmf-dist/fonts/enc/dvips/lm/lm-ec.enc}</Users/jianzhou/Library/TinyTeX/texmf-dist/fonts/type1/public/lm/lmbx10.pfb></Users/jianzhou/Library/TinyTeX/texmf-dist/fonts/type1/public/lm/lmbx12.pfb></Users/jianzhou/Library/TinyTeX/texmf-dist/fonts/type1/public/lm/lmr10.pfb></Users/jianzhou/Library/TinyTeX/texmf-dist/fonts/type1/public/lm/lmr12.pfb></Users/jianzhou/Library/TinyTeX/texmf-dist/fonts/type1/public/lm/lmr17.pfb>
Output written on Analysis_Researchers_RMarkdown.pdf (57 pages, 7685004 bytes).
PDF statistics:
 607 PDF objects out of 1000 (max. 8388607)
 400 compressed objects within 4 object streams
 154 named destinations out of 1000 (max. 500000)
 440 words of extra memory for PDF output out of 10000 (max. 10000000)

